[MIGRATED] kastner-author/1997-dynaflo-systems----e-mail-for-the-b-854582  (was 3 cols, 11 rows -> 11 canonical rows)
[MIGRATED] kastner-author/1998-hp-high-availability-and-metadata-7d1276  (was 5 cols, 33 rows -> 33 canonical rows)
[MIGRATED] kastner-author/1998-pc-impact-and-metadata-e2a169  (was 5 cols, 38 rows -> 38 canonical rows)
[MIGRATED] kastner-author/aberdeen-1995-universal-servers-rdbms-technology-next-decade  (was 3 cols, 12 rows -> 12 canonical rows)
[MIGRATED] other-authors/1997-commercial-risc-unix-1996-mvp-711569  (was 2 cols, 8 rows -> 8 canonical rows)
[MIGRATED] other-authors/1997-crm-siebel-systems-pr-569e52  (was 3 cols, 8 rows -> 8 canonical rows)
[MIGRATED] other-authors/1997-data-integration-management-in-hete-de2429  (was 2 cols, 8 rows -> 8 canonical rows)
[MIGRATED] other-authors/1997-data-mining-buying-guide-71e463  (was 2 cols, 8 rows -> 8 canonical rows)
[MIGRATED] other-authors/1997-datafocus'-nutcracker--enterprise-c-bfc11e  (was 2 cols, 8 rows -> 8 canonical rows)
[MIGRATED] other-authors/1997-datareach--finding-business-value-i-34f0a6  (was 3 cols, 8 rows -> 8 canonical rows)
[MIGRATED] other-authors/1997-dec-linkworks-webworker---an-object-db2d2a  (was 2 cols, 8 rows -> 8 canonical rows)
[MIGRATED] other-authors/1997-desktop-and-systems-management-the--169a9b  (was 3 cols, 8 rows -> 8 canonical rows)
[MIGRATED] other-authors/1997-dev-expanding-universes-for-busines-c42c71  (was 3 cols, 8 rows -> 8 canonical rows)
[MIGRATED] other-authors/1997-dialogic-ct-media-sets-the-pace-for-440d5e  (was 3 cols, 13 rows -> 13 canonical rows)
[MIGRATED] other-authors/1997-digital-equipment-corporation-pr-c375a8  (was 3 cols, 11 rows -> 11 canonical rows)
[MIGRATED] other-authors/1997-digital-ramps-up-for-the-leadership-fb5854  (was 3 cols, 12 rows -> 12 canonical rows)
[MIGRATED] other-authors/1997-digital-s-terabyte-hour-nonstop-vld-ce92ca  (was 3 cols, 12 rows -> 12 canonical rows)
[MIGRATED] other-authors/1997-distributed-object-technology--dead-3cf2d1  (was 3 cols, 14 rows -> 14 canonical rows)
[MIGRATED] other-authors/1997-dw-competitive-advantage-through-pr-b307c7  (was 3 cols, 13 rows -> 13 canonical rows)
[MIGRATED] other-authors/1997-dynaflo-systems----e-mail-for-the-b-854582  (was 3 cols, 11 rows -> 11 canonical rows)
[MIGRATED] other-authors/1997-electronic-commerce-to-internet-com-b26a35  (was 3 cols, 12 rows -> 12 canonical rows)
[MIGRATED] other-authors/1997-forte-enterprise-development-enviro-a07cf9  (was 4 cols, 11 rows -> 11 canonical rows)
[MIGRATED] other-authors/1997-hewlett-packard-s-strategy-to-surpa-905013  (was 4 cols, 12 rows -> 12 canonical rows)
[MIGRATED] other-authors/1997-hewlett-packard-v-class--providing--897f7a  (was 4 cols, 11 rows -> 11 canonical rows)
[MIGRATED] other-authors/1997-ibm-application-development-product-895c4d  (was 4 cols, 12 rows -> 12 canonical rows)
[MIGRATED] other-authors/1997-ibm-business-intelligence-family-pr-43c37e  (was 4 cols, 12 rows -> 12 canonical rows)
[MIGRATED] other-authors/1997-ibm-extended-transaction-systems-fa-0369fa  (was 4 cols, 17 rows -> 17 canonical rows)
[MIGRATED] other-authors/1997-ibm-information-integration-family--29351c  (was 4 cols, 17 rows -> 17 canonical rows)
[MIGRATED] other-authors/1997-ibm-s-enterprise-communications-fam-14559a  (was 2 cols, 13 rows -> 13 canonical rows)
[MIGRATED] other-authors/1997-ibm-s-network-computing-solution----e74e8a  (was 2 cols, 13 rows -> 13 canonical rows)
[MIGRATED] other-authors/1997-ibm-s-nt-strategy-strat-pr-b93817  (was 2 cols, 13 rows -> 13 canonical rows)
[MIGRATED] other-authors/1997-ibm-s-solution-centric-global-healt-7a073f  (was 2 cols, 15 rows -> 15 canonical rows)
[MIGRATED] other-authors/1997-ibm-ships-first-64-bit-rs-6000-serv-961e2c  (was 4 cols, 17 rows -> 17 canonical rows)
[MIGRATED] other-authors/1997-ibm-when-a-pc-is-simply-platform-ov-5e9364  (was 4 cols, 17 rows -> 17 canonical rows)
[MIGRATED] other-authors/1997-industry-matematik-international-co-c398bc  (was 2 cols, 14 rows -> 14 canonical rows)
[MIGRATED] other-authors/1997-infinite-resource-planning-wp-893815  (was 4 cols, 13 rows -> 13 canonical rows)
[MIGRATED] other-authors/1997-informix-and-silicon-graphics-reach-98e6ea  (was 4 cols, 13 rows -> 13 canonical rows)
[MIGRATED] other-authors/1997-informix-metacube-4.0--relational-o-23491d  (was 4 cols, 13 rows -> 13 canonical rows)
[MIGRATED] other-authors/1997-insession---accessing-and-leveragin-cb2e40  (was 4 cols, 13 rows -> 13 canonical rows)
[MIGRATED] other-authors/1997-intelligent-i-o-initiative--scaling-aae222  (was 4 cols, 13 rows -> 13 canonical rows)
[MIGRATED] other-authors/1997-knowledge-discovery-one-s-retail-di-f6b834  (was 4 cols, 13 rows -> 13 canonical rows)
[MIGRATED] other-authors/1997-kodak-completes-wang-software-acqui-e78bb4  (was 4 cols, 13 rows -> 13 canonical rows)
[MIGRATED] other-authors/1997-laplink-solutions-offer-telecommuti-292aa8  (was 4 cols, 13 rows -> 13 canonical rows)
[MIGRATED] other-authors/1997-lucent-delivers-internet-telephony--888598  (was 4 cols, 13 rows -> 13 canonical rows)
[MIGRATED] other-authors/1997-managing-corporate-internet-access--ae26d9  (was 4 cols, 13 rows -> 13 canonical rows)
[MIGRATED] other-authors/1997-migrating-from-sybase-sql-server-4.-d7b1d0  (was 4 cols, 17 rows -> 17 canonical rows)
[MIGRATED] other-authors/1997-network-storage--obtaining-the-payo-3bdc3d  (was 4 cols, 13 rows -> 13 canonical rows)
[MIGRATED] other-authors/1997-nortel--transforming-business-by-po-3edae6  (was 4 cols, 18 rows -> 18 canonical rows)
[MIGRATED] other-authors/1997-novell-directory-to-the-network-str-048b05  (was 5 cols, 14 rows -> 14 canonical rows)
[MIGRATED] other-authors/1997-nt-case-41-56aa2e  (was 4 cols, 15 rows -> 15 canonical rows)
[MIGRATED] other-authors/1997-object-databases-such-as-o2-odmg--t-c98c72  (was 5 cols, 10 rows -> 10 canonical rows)
[MIGRATED] other-authors/1997-object-technology-meets-demand-mana-551c84  (was 5 cols, 10 rows -> 10 canonical rows)
[MIGRATED] other-authors/1997-objective-communications--vidmodem--f3351f  (was 5 cols, 11 rows -> 11 canonical rows)
[MIGRATED] other-authors/aberdeen-1995-digital-linkworks  (was 5 cols, 36 rows -> 36 canonical rows)
[MIGRATED] other-authors/aberdeen-1995-digital-objectbroker  (was 5 cols, 50 rows -> 50 canonical rows)
[MIGRATED] other-authors/aberdeen-1995-hp-customer-interaction-software  (was 5 cols, 65 rows -> 65 canonical rows)
[MIGRATED] other-authors/aberdeen-1995-ibm-as400-sap-r3  (was 5 cols, 48 rows -> 48 canonical rows)
[MIGRATED] other-authors/aberdeen-1995-ibm-db2-common-server  (was 5 cols, 61 rows -> 61 canonical rows)
[MIGRATED] other-authors/aberdeen-1995-intersolv-virtual-data-warehouse  (was 5 cols, 49 rows -> 49 canonical rows)
[MIGRATED] other-authors/aberdeen-1995-limd-technology  (was 5 cols, 52 rows -> 52 canonical rows)
[MIGRATED] other-authors/aberdeen-1995-novell-predicament  (was 3 cols, 11 rows -> 11 canonical rows)
[MIGRATED] other-authors/aberdeen-1995-progress-software-profile  (was 3 cols, 11 rows -> 11 canonical rows)
[MIGRATED] other-authors/aberdeen-1995-rdbms-cray-research-inc  (was 5 cols, 13 rows -> 13 canonical rows)
[MIGRATED] other-authors/aberdeen-1995-sun-microsystems-computer-company  (was 3 cols, 14 rows -> 14 canonical rows)
[MIGRATED] other-authors/aberdeen-1995-upgrading-isv-methodology-enterprise-application-development  (was 3 cols, 12 rows -> 12 canonical rows)
[MIGRATED] other-authors/aberdeen-1996-3com-reconciling-clientserver-development-internet  (was 5 cols, 11 rows -> 11 canonical rows)
[MIGRATED] other-authors/aberdeen-1996-advanced-planning-engines-white-paper  (was 5 cols, 14 rows -> 14 canonical rows)
[MIGRATED] other-authors/aberdeen-1996-app-dun-bradstreet-software-smartstrtogether-better  (was 5 cols, 12 rows -> 12 canonical rows)
[MIGRATED] other-authors/aberdeen-1996-as400-year-2000-ibm-leading-users  (was 5 cols, 13 rows -> 13 canonical rows)
[MIGRATED] other-authors/aberdeen-1996-risc-unix-market  (was 5 cols, 27 rows -> 27 canonical rows)